0 info it worked if it ends with ok
1 verbose cli [ 'C:\\Program Files\\nodejs\\node.exe',
1 verbose cli   'C:\\Program Files\\nodejs\\node_modules\\npm\\bin\\npm-cli.js',
1 verbose cli   'run',
1 verbose cli   'start' ]
2 info using npm@3.10.3
3 info using node@v6.3.1
4 verbose run-script [ 'prestart', 'start', 'poststart' ]
5 info lifecycle programmable_bot@1.0.0~prestart: programmable_bot@1.0.0
6 silly lifecycle programmable_bot@1.0.0~prestart: no script for prestart, continuing
7 info lifecycle programmable_bot@1.0.0~start: programmable_bot@1.0.0
8 verbose lifecycle programmable_bot@1.0.0~start: unsafe-perm in lifecycle true
9 verbose lifecycle programmable_bot@1.0.0~start: PATH: C:\Program Files\nodejs\node_modules\npm\bin\node-gyp-bin;C:\Users\johni\Dev\programmable_bot\node_modules\.bin;C:\Program Files\nodejs;C:\dev\cmder\bin;C:\dev\cmder\vendor\conemu-maximus5\ConEmu\Scripts;C:\dev\cmder\vendor\conemu-maximus5;C:\dev\cmder\vendor\conemu-maximus5\ConEmu;C:\ProgramData\Oracle\Java\javapath;C:\Windows\system32;C:\Windows;C:\Windows\System32\Wbem;C:\Windows\System32\WindowsPowerShell\v1.0\;C:\Program Files\Git\cmd;C:\Users\johni\.dnx\bin;C:\Program Files\Microsoft DNX\Dnvm\;C:\Program Files\Microsoft SQL Server\130\Tools\Binn\;C:\Program Files\nodejs\;C:\ProgramData\ComposerSetup\bin;C:\Program Files\Microsoft\Web Platform Installer\;C:\ProgramData\chocolatey\bin;C:\Program Files (x86)\NVIDIA Corporation\PhysX\Common;C:\Windows\Sysnative;C:\Users\johni\AppData\Local\Programs\Python\Python35-32\Scripts\;C:\Users\johni\AppData\Local\Programs\Python\Python35-32\;C:\Users\johni\AppData\Local\Microsoft\WindowsApps;C:\Users\johni\AppData\Roaming\npm;C:\Users\johni\AppData\Roaming\Composer\vendor\bin;C:\Program Files (x86)\Microsoft VS Code\bin;C:\Users\johni\AppData\Local\Android\sdk\platform-tools;C:\msys64\mingw64\bin;C:\msys64\mingw32\bin;C:\dev\xampp\php;C:\Users\johni\AppData\Local\atom\bin;C:\Program Files\Git\usr\bin;C:\Program Files\Git\usr\share\vim\vim74;C:\dev\cmder\
10 verbose lifecycle programmable_bot@1.0.0~start: CWD: C:\Users\johni\Dev\programmable_bot
11 silly lifecycle programmable_bot@1.0.0~start: Args: [ '/d /s /c', 'node build/bot.js' ]
12 silly lifecycle programmable_bot@1.0.0~start: Returned: code: 1  signal: null
13 info lifecycle programmable_bot@1.0.0~start: Failed to exec start script
14 verbose stack Error: programmable_bot@1.0.0 start: `node build/bot.js`
14 verbose stack Exit status 1
14 verbose stack     at EventEmitter.<anonymous> (C:\Program Files\nodejs\node_modules\npm\lib\utils\lifecycle.js:242:16)
14 verbose stack     at emitTwo (events.js:106:13)
14 verbose stack     at EventEmitter.emit (events.js:191:7)
14 verbose stack     at ChildProcess.<anonymous> (C:\Program Files\nodejs\node_modules\npm\lib\utils\spawn.js:40:14)
14 verbose stack     at emitTwo (events.js:106:13)
14 verbose stack     at ChildProcess.emit (events.js:191:7)
14 verbose stack     at maybeClose (internal/child_process.js:852:16)
14 verbose stack     at Process.ChildProcess._handle.onexit (internal/child_process.js:215:5)
15 verbose pkgid programmable_bot@1.0.0
16 verbose cwd C:\Users\johni\Dev\programmable_bot
17 error Windows_NT 10.0.14393
18 error argv "C:\\Program Files\\nodejs\\node.exe" "C:\\Program Files\\nodejs\\node_modules\\npm\\bin\\npm-cli.js" "run" "start"
19 error node v6.3.1
20 error npm  v3.10.3
21 error code ELIFECYCLE
22 error programmable_bot@1.0.0 start: `node build/bot.js`
22 error Exit status 1
23 error Failed at the programmable_bot@1.0.0 start script 'node build/bot.js'.
23 error Make sure you have the latest version of node.js and npm installed.
23 error If you do, this is most likely a problem with the programmable_bot package,
23 error not with npm itself.
23 error Tell the author that this fails on your system:
23 error     node build/bot.js
23 error You can get information on how to open an issue for this project with:
23 error     npm bugs programmable_bot
23 error Or if that isn't available, you can get their info via:
23 error     npm owner ls programmable_bot
23 error There is likely additional logging output above.
24 verbose exit [ 1, true ]
